[2018-07-22T22:02:34-0400] DFHack 0.44.05-r2-0-g0e7ab278 on Windows; cwd md5: 78fb93c467; save: region4; SC_WORLD_UNLOADED; game type NONE (11)
[2018-07-22T22:04:14-0400] DFHack 0.44.05-r2-0-g0e7ab278 on Windows; cwd md5: 78fb93c467; save: region4; SC_WORLD_LOADED; game type ADVENTURE_MAIN (1)
[2018-07-22T22:10:22-0400] DFHack 0.44.05-r2-0-g0e7ab278 on Windows; cwd md5: 78fb93c467; save: region4; SC_MAP_LOADED; game type ADVENTURE_MAIN (1)
[2018-07-22T22:18:15-0400] DFHack 0.44.05-r2-0-g0e7ab278 on Windows; cwd md5: 78fb93c467; save: region4; SC_MAP_UNLOADED; game type ADVENTURE_MAIN (1)
[2018-07-22T22:18:28-0400] DFHack 0.44.05-r2-0-g0e7ab278 on Windows; cwd md5: 78fb93c467; save: region4; SC_MAP_LOADED; game type ADVENTURE_MAIN (1)
[2018-07-22T22:21:50-0400] DFHack 0.44.05-r2-0-g0e7ab278 on Windows; cwd md5: 78fb93c467; save: region4; SC_MAP_UNLOADED; game type ADVENTURE_MAIN (1)
[2018-07-22T22:21:50-0400] DFHack 0.44.05-r2-0-g0e7ab278 on Windows; cwd md5: 78fb93c467; save: region4; SC_WORLD_UNLOADED; game type ADVENTURE_MAIN (1)
[2018-07-22T22:21:51-0400] DFHack 0.44.05-r2-0-g0e7ab278 on Windows; cwd md5: 78fb93c467; save: region4; SC_WORLD_LOADED; game type ADVENTURE_MAIN (1)
[2018-07-23T07:46:09-0400] DFHack 0.44.05-r2-0-g0e7ab278 on Windows; cwd md5: 78fb93c467; save: region4; SC_WORLD_LOADED; game type ADVENTURE_MAIN (1)
[2018-07-23T07:55:57-0400] DFHack 0.44.05-r2-0-g0e7ab278 on Windows; cwd md5: 78fb93c467; save: region4; SC_MAP_LOADED; game type ADVENTURE_MAIN (1)
[2018-07-23T08:06:06-0400] DFHack 0.44.05-r2-0-g0e7ab278 on Windows; cwd md5: 78fb93c467; save: region4; SC_MAP_UNLOADED; game type ADVENTURE_MAIN (1)
[2018-07-23T08:07:12-0400] DFHack 0.44.05-r2-0-g0e7ab278 on Windows; cwd md5: 78fb93c467; save: region4; SC_MAP_LOADED; game type ADVENTURE_MAIN (1)
[2018-07-23T08:07:26-0400] DFHack 0.44.05-r2-0-g0e7ab278 on Windows; cwd md5: 78fb93c467; save: region4; SC_MAP_UNLOADED; game type ADVENTURE_MAIN (1)
[2018-07-23T08:07:31-0400] DFHack 0.44.05-r2-0-g0e7ab278 on Windows; cwd md5: 78fb93c467; save: region4; SC_MAP_LOADED; game type ADVENTURE_MAIN (1)
[2018-07-23T08:16:17-0400] DFHack 0.44.05-r2-0-g0e7ab278 on Windows; cwd md5: 78fb93c467; save: region4; SC_MAP_UNLOADED; game type ADVENTURE_MAIN (1)
[2018-07-23T08:16:17-0400] DFHack 0.44.05-r2-0-g0e7ab278 on Windows; cwd md5: 78fb93c467; save: region4; SC_WORLD_UNLOADED; game type ADVENTURE_MAIN (1)
[2018-07-23T08:16:18-0400] DFHack 0.44.05-r2-0-g0e7ab278 on Windows; cwd md5: 78fb93c467; save: region4; SC_WORLD_LOADED; game type ADVENTURE_MAIN (1)
[2018-07-23T08:16:51-0400] DFHack 0.44.05-r2-0-g0e7ab278 on Windows; cwd md5: 78fb93c467; save: region4; SC_WORLD_UNLOADED; game type NONE (11)
[2018-07-23T08:17:03-0400] DFHack 0.44.05-r2-0-g0e7ab278 on Windows; cwd md5: 78fb93c467; save: region4; SC_WORLD_LOADED; game type ADVENTURE_MAIN (1)
[2018-07-23T08:18:17-0400] DFHack 0.44.05-r2-0-g0e7ab278 on Windows; cwd md5: 78fb93c467; save: region4; SC_MAP_LOADED; game type ADVENTURE_MAIN (1)
[2018-07-23T08:28:00-0400] DFHack 0.44.05-r2-0-g0e7ab278 on Windows; cwd md5: 78fb93c467; save: region4; SC_MAP_UNLOADED; game type ADVENTURE_MAIN (1)
[2018-07-23T08:28:34-0400] DFHack 0.44.05-r2-0-g0e7ab278 on Windows; cwd md5: 78fb93c467; save: region4; SC_MAP_LOADED; game type ADVENTURE_MAIN (1)
[2018-07-23T08:29:01-0400] DFHack 0.44.05-r2-0-g0e7ab278 on Windows; cwd md5: 78fb93c467; save: region4; SC_MAP_UNLOADED; game type ADVENTURE_MAIN (1)
[2018-07-23T08:29:08-0400] DFHack 0.44.05-r2-0-g0e7ab278 on Windows; cwd md5: 78fb93c467; save: region4; SC_MAP_LOADED; game type ADVENTURE_MAIN (1)
[2018-07-23T08:31:04-0400] DFHack 0.44.05-r2-0-g0e7ab278 on Windows; cwd md5: 78fb93c467; save: region4; SC_MAP_UNLOADED; game type ADVENTURE_MAIN (1)
[2018-07-23T08:31:04-0400] DFHack 0.44.05-r2-0-g0e7ab278 on Windows; cwd md5: 78fb93c467; save: region4; SC_WORLD_UNLOADED; game type ADVENTURE_MAIN (1)
[2018-10-16T22:33:07-0400] DFHack 0.44.05-r2-0-g0e7ab278 on Windows; cwd md5: 0150481c8d; save: region4; SC_WORLD_LOADED; game type ADVENTURE_MAIN (1)
[2018-10-16T22:33:08-0400] DFHack 0.44.05-r2-0-g0e7ab278 on Windows; cwd md5: 0150481c8d; save: region4; SC_MAP_LOADED; game type ADVENTURE_MAIN (1)
[2018-10-16T22:33:15-0400] DFHack 0.44.05-r2-0-g0e7ab278 on Windows; cwd md5: 0150481c8d; save: region4; SC_MAP_UNLOADED; game type ADVENTURE_MAIN (1)
[2018-10-16T22:33:15-0400] DFHack 0.44.05-r2-0-g0e7ab278 on Windows; cwd md5: 0150481c8d; save: region4; SC_WORLD_UNLOADED; game type ADVENTURE_MAIN (1)
[2018-10-16T22:33:16-0400] DFHack 0.44.05-r2-0-g0e7ab278 on Windows; cwd md5: 0150481c8d; save: region4; SC_WORLD_LOADED; game type ADVENTURE_MAIN (1)
[2018-10-16T22:33:33-0400] DFHack 0.44.05-r2-0-g0e7ab278 on Windows; cwd md5: 0150481c8d; save: region4; SC_WORLD_UNLOADED; game type NONE (11)
[2018-10-18T10:28:54-0400] DFHack 0.44.05-r2-0-g0e7ab278 on Windows; cwd md5: 78fb93c467; save: region4; SC_WORLD_LOADED; game type DWARF_MAIN (0)
[2018-10-18T10:41:01-0400] DFHack 0.44.05-r2-0-g0e7ab278 on Windows; cwd md5: 78fb93c467; save: region4; SC_MAP_LOADED; game type DWARF_MAIN (0)
[2018-10-18T10:48:43-0400] DFHack 0.44.05-r2-0-g0e7ab278 on Windows; cwd md5: 78fb93c467; save: region4; SC_MAP_UNLOADED; game type DWARF_MAIN (0)
[2018-10-18T10:50:02-0400] DFHack 0.44.05-r2-0-g0e7ab278 on Windows; cwd md5: 78fb93c467; save: region4; SC_WORLD_UNLOADED; game type NONE (11)
[2018-10-18T10:50:17-0400] DFHack 0.44.05-r2-0-g0e7ab278 on Windows; cwd md5: 78fb93c467; save: region4; SC_WORLD_LOADED; game type DWARF_MAIN (0)
[2018-10-18T10:52:11-0400] DFHack 0.44.05-r2-0-g0e7ab278 on Windows; cwd md5: 78fb93c467; save: region4; SC_WORLD_UNLOADED; game type NONE (11)
[2019-01-17T15:13:29-0500] DFHack 0.44.05-r2-0-g0e7ab278 on Windows; cwd md5: 5bb3e845b6; save: region4; SC_WORLD_LOADED; game type DWARF_MAIN (0)
[2019-01-17T15:21:30-0500] DFHack 0.44.05-r2-0-g0e7ab278 on Windows; cwd md5: 5bb3e845b6; save: region4; SC_MAP_LOADED; game type DWARF_MAIN (0)
[2019-01-17T20:06:39-0500] DFHack 0.44.05-r2-0-g0e7ab278 on Windows; cwd md5: 5bb3e845b6; save: region4; SC_MAP_UNLOADED; game type DWARF_MAIN (0)
[2019-01-17T20:08:45-0500] DFHack 0.44.05-r2-0-g0e7ab278 on Windows; cwd md5: 5bb3e845b6; save: region4; SC_WORLD_UNLOADED; game type NONE (11)
[2019-02-22T17:32:54-0500] DFHack 0.44.05-r2-0-g0e7ab278 on Windows; cwd md5: 2327780641; save: region4; SC_WORLD_LOADED; game type DWARF_MAIN (0)
[2019-02-22T17:38:50-0500] DFHack 0.44.05-r2-0-g0e7ab278 on Windows; cwd md5: 2327780641; save: region4; SC_MAP_LOADED; game type DWARF_MAIN (0)
[2019-02-22T19:27:31-0500] DFHack 0.44.05-r2-0-g0e7ab278 on Windows; cwd md5: 2327780641; save: region4; SC_MAP_UNLOADED; game type DWARF_MAIN (0)
[2019-02-22T19:27:31-0500] DFHack 0.44.05-r2-0-g0e7ab278 on Windows; cwd md5: 2327780641; save: region4; SC_WORLD_UNLOADED; game type DWARF_MAIN (0)
